0	1	mikroCPIC1618.exe -MSF -DBG -pP16F628A -RA -LHF -GC -DL -O11111115 -fo4 -N"C:\Users\GUNAY\Desktop\Alarm - Ýkaz Devresi\ikazdevresi.mcppi" -SP"C:\Users\Public\Documents\Mikroelektronika\mikroC PRO for PIC\Defs\" -SP"C:\Users\Public\Documents\Mikroelektronika\mikroC PRO for PIC\Uses\P16\" -SP"C:\Users\GUNAY\Desktop\Alarm - Ýkaz Devresi\" -IP"C:\Users\Public\Documents\Mikroelektronika\mikroC PRO for PIC\Uses\P16\" "ikazdevresi.c" "__Lib_Math.mcl" "__Lib_MathDouble.mcl" "__Lib_System.mcl" "__Lib_Delays.mcl" "__Lib_CType.mcl" "__Lib_CString.mcl" "__Lib_CStdlib.mcl" "__Lib_CMath.mcl" "__Lib_MemManager.mcl" "__Lib_Conversions.mcl" "__Lib_Sprinti.mcl" "__Lib_Sprintl.mcl" "__Lib_Time.mcl" "__Lib_Trigonometry.mcl" "__Lib_Button.mcl" "__Lib_Keypad4x4.mcl" "__Lib_Manchester.mcl" "__Lib_OneWire.mcl" "__Lib_PS2.mcl" "__Lib_Sound.mcl" "__Lib_SoftI2C.mcl" "__Lib_SoftSPI.mcl" "__Lib_SoftUART.mcl" "__Lib_EEPROM.mcl" "__Lib_PWM_b3.mcl" "__Lib_UART_b21.mcl" "__Lib_CF.mcl" "__Lib_GlcdFonts.mcl" "__Lib_Glcd.mcl" "__Lib_LcdConsts.mcl" "__Lib_Lcd.mcl" "__Lib_RS485.mcl" "__Lib_S1D13700.mcl" "__Lib_T6963C.mcl"	 
hint: 0	1139	Available RAM: 208 [bytes], Available ROM: 2048 [bytes]	 
diagnostics: 0	122	Compilation Started	P16F628A.c
diagnostics: 375	123	Compiled Successfully	P16F628A.c
diagnostics: 0	122	Compilation Started	__Lib_Delays.c
diagnostics: 123	123	Compiled Successfully	__Lib_Delays.c
diagnostics: 0	122	Compilation Started	__Lib_MemManager.c
warning: 34	1508	Implicit conversion of int to ptr	__Lib_MemManager.c
diagnostics: 231	123	Compiled Successfully	__Lib_MemManager.c
diagnostics: 0	122	Compilation Started	__Lib_GlcdFonts.c
diagnostics: 1207	123	Compiled Successfully	__Lib_GlcdFonts.c
diagnostics: 0	122	Compilation Started	ikazdevresi.c
diagnostics: 133	123	Compiled Successfully	ikazdevresi.c
diagnostics: 0	127	All files Compiled in 109 ms	 
hint: 0	1144	Used RAM (bytes): 26 (12%)  Free RAM (bytes): 182 (88%)	Used RAM (bytes): 26 (12%)  Free RAM (bytes): 182 (88%)
hint: 0	1144	Used ROM (program words): 970 (47%)  Free ROM (program words): 1078 (53%)	Used ROM (program words): 970 (47%)  Free ROM (program words): 1078 (53%)
diagnostics: 0	125	Project Linked Successfully	ikazdevresi.mcppi
hint: 0	1004	COFF file successfully generated	COFF file successfully generated
diagnostics: 0	128	Linked in 344 ms	 
diagnostics: 0	129	Project 'ikazdevresi.mcppi' completed: 1062 ms	 
diagnostics: 0	103	Finished successfully: 02 Haz 2020, 20:09:17	ikazdevresi.mcppi
