;  LST file generated by mikroListExporter - v.2.0 
; Date/Time: 2.06.2020 20:09:17
;----------------------------------------------

;Address Opcode 	ASM
0x0000	0x2B83      	GOTO       899
_interrupt:
0x0004	0x00FF      	MOVWF      R15
0x0005	0x0E03      	SWAPF      STATUS, 0
0x0006	0x0183      	CLRF       STATUS
0x0007	0x00A9      	MOVWF      ___saveSTATUS
0x0008	0x080A      	MOVF       PCLATH, 0
0x0009	0x00AA      	MOVWF      ___savePCLATH
0x000A	0x018A      	CLRF       PCLATH
;ikazdevresi.c,114 :: 		void interrupt(){
;ikazdevresi.c,115 :: 		if(INTCON.INTF){
0x000B	0x1C8B      	BTFSS      INTCON, 1
0x000C	0x2811      	GOTO       L_interrupt32
;ikazdevresi.c,116 :: 		zaman=0;
0x000D	0x01A1      	CLRF       _zaman
;ikazdevresi.c,117 :: 		ikaz_biti=1;
0x000E	0x3001      	MOVLW      1
0x000F	0x00A2      	MOVWF      _ikaz_biti
;ikazdevresi.c,118 :: 		INTCON.INTF=0;
0x0010	0x108B      	BCF        INTCON, 1
;ikazdevresi.c,119 :: 		}
L_interrupt32:
;ikazdevresi.c,120 :: 		if(PIR1.TMR1IF){
0x0011	0x1C0C      	BTFSS      PIR1, 0
0x0012	0x281C      	GOTO       L_interrupt33
;ikazdevresi.c,121 :: 		zaman++;
0x0013	0x0AA1      	INCF       _zaman, 1
;ikazdevresi.c,123 :: 		BTFSC TMR1L, 0 //TMR1L 0 olana kadar döner
0x0014	0x180E      	BTFSC      TMR1L, 0
;ikazdevresi.c,124 :: 		GOTO $-1
0x0015	0x2814      	GOTO       $-1
;ikazdevresi.c,126 :: 		T1CON.TMR1CS = 0; // Timer1 için dahili osilatör seçiliyor
0x0016	0x1090      	BCF        T1CON, 1
;ikazdevresi.c,127 :: 		TMR1H=0X00; //Timer1 yüksek baytý yükleniyor
0x0017	0x018F      	CLRF       TMR1H
;ikazdevresi.c,128 :: 		T1CON.TMR1ON=0; // Timer1 kapatýlýyor
0x0018	0x1010      	BCF        T1CON, 0
;ikazdevresi.c,129 :: 		T1CON=0x3F; // Süre = Prescaler*(65536-0)*___1___=8*2=16sn
0x0019	0x303F      	MOVLW      63
0x001A	0x0090      	MOVWF      T1CON
;ikazdevresi.c,131 :: 		PIR1.TMR1IF=0;
0x001B	0x100C      	BCF        PIR1, 0
;ikazdevresi.c,132 :: 		}
L_interrupt33:
;ikazdevresi.c,133 :: 		}
L_end_interrupt:
L__interrupt47:
0x001C	0x082A      	MOVF       ___savePCLATH, 0
0x001D	0x008A      	MOVWF      PCLATH
0x001E	0x0E29      	SWAPF      ___saveSTATUS, 0
0x001F	0x0083      	MOVWF      STATUS
0x0020	0x0EFF      	SWAPF      R15, 1
0x0021	0x0E7F      	SWAPF      R15, 0
0x0022	0x0009      	RETFIE
; end of _interrupt
_Mul_32x32_U:
;__Lib_Math.c,1775 :: 		
;__Lib_Math.c,1790 :: 		
0x0023	0x1283      	BCF        STATUS, 5
;__Lib_Math.c,1791 :: 		
0x0024	0x1303      	BCF        STATUS, 6
;__Lib_Math.c,1792 :: 		
0x0025	0x3022      	MOVLW      34
;__Lib_Math.c,1793 :: 		
0x0026	0x00FC      	MOVWF      R12
;__Lib_Math.c,1794 :: 		
0x0027	0x01F8      	CLRF       R8
;__Lib_Math.c,1795 :: 		
0x0028	0x01F9      	CLRF       R9
;__Lib_Math.c,1796 :: 		
0x0029	0x01FA      	CLRF       R10
;__Lib_Math.c,1797 :: 		
0x002A	0x01FB      	CLRF       R11
;__Lib_Math.c,1799 :: 		
_NEXT:
;__Lib_Math.c,1803 :: 		
0x002B	0x03FC      	DECF       R12, 1
;__Lib_Math.c,1804 :: 		
0x002C	0x1903      	BTFSC      STATUS, 2
;__Lib_Math.c,1805 :: 		
0x002D	0x2859      	GOTO       _EXIT2
;__Lib_Math.c,1806 :: 		
0x002E	0x1003      	BCF        STATUS, 0
;__Lib_Math.c,1808 :: 		
_LOOP:
;__Lib_Math.c,1817 :: 		
0x002F	0x0CFB      	RRF        R11, 1
;__Lib_Math.c,1818 :: 		
0x0030	0x0CFA      	RRF        R10, 1
;__Lib_Math.c,1819 :: 		
0x0031	0x0CF9      	RRF        R9, 1
;__Lib_Math.c,1820 :: 		
0x0032	0x0CF8      	RRF        R8, 1
;__Lib_Math.c,1821 :: 		
0x0033	0x0CF3      	RRF        R3, 1
;__Lib_Math.c,1822 :: 		
0x0034	0x0CF2      	RRF        R2, 1
;__Lib_Math.c,1823 :: 		
0x0035	0x0CF1      	RRF        R1, 1
;__Lib_Math.c,1824 :: 		
0x0036	0x0CF0      	RRF        R0, 1
;__Lib_Math.c,1829 :: 		
0x0037	0x1C03      	BTFSS      STATUS, 0
;__Lib_Math.c,1830 :: 		
0x0038	0x282B      	GOTO       _NEXT
;__Lib_Math.c,1831 :: 		
0x0039	0x03FC      	DECF       R12, 1
;__Lib_Math.c,1832 :: 		
0x003A	0x1903      	BTFSC      STATUS, 2
;__Lib_Math.c,1833 :: 		
0x003B	0x284B      	GOTO       _EXIT1
;__Lib_Math.c,1840 :: 		
0x003C	0x0874      	MOVF       R4, 0
;__Lib_Math.c,1841 :: 		
0x003D	0x07F8      	ADDWF      R8, 1
;__Lib_Math.c,1842 :: 		
0x003E	0x0875      	MOVF       R5, 0
;__Lib_Math.c,1843 :: 		
0x003F	0x1803      	BTFSC      STATUS, 0
;__Lib_Math.c,1844 :: 		
0x0040	0x0F75      	INCFSZ     R5, 0
;__Lib_Math.c,1845 :: 		
0x0041	0x07F9      	ADDWF      R9, 1
;__Lib_Math.c,1846 :: 		
0x0042	0x0876      	MOVF       R6, 0
;__Lib_Math.c,1847 :: 		
0x0043	0x1803      	BTFSC      STATUS, 0
;__Lib_Math.c,1848 :: 		
0x0044	0x0F76      	INCFSZ     R6, 0
;__Lib_Math.c,1849 :: 		
0x0045	0x07FA      	ADDWF      R10, 1
;__Lib_Math.c,1850 :: 		
0x0046	0x0877      	MOVF       R7, 0
;__Lib_Math.c,1851 :: 		
0x0047	0x1803      	BTFSC      STATUS, 0
;__Lib_Math.c,1852 :: 		
0x0048	0x0F77      	INCFSZ     R7, 0
;__Lib_Math.c,1853 :: 		
0x0049	0x07FB      	ADDWF      R11, 1
;__Lib_Math.c,1855 :: 		
0x004A	0x282F      	GOTO       _LOOP
;__Lib_Math.c,1857 :: 		
_EXIT1:
;__Lib_Math.c,1862 :: 		
0x004B	0x0874      	MOVF       R4, 0
;__Lib_Math.c,1863 :: 		
0x004C	0x07F8      	ADDWF      R8, 1
;__Lib_Math.c,1864 :: 		
0x004D	0x0875      	MOVF       R5, 0
;__Lib_Math.c,1865 :: 		
0x004E	0x1803      	BTFSC      STATUS, 0
;__Lib_Math.c,1866 :: 		
0x004F	0x0F75      	INCFSZ     R5, 0
;__Lib_Math.c,1867 :: 		
0x0050	0x07F9      	ADDWF      R9, 1
;__Lib_Math.c,1868 :: 		
0x0051	0x0876      	MOVF       R6, 0
;__Lib_Math.c,1869 :: 		
0x0052	0x1803      	BTFSC      STATUS, 0
;__Lib_Math.c,1870 :: 		
0x0053	0x0F76      	INCFSZ     R6, 0
;__Lib_Math.c,1871 :: 		
0x0054	0x07FA      	ADDWF      R10, 1
;__Lib_Math.c,1872 :: 		
0x0055	0x0877      	MOVF       R7, 0
;__Lib_Math.c,1873 :: 		
0x0056	0x1803      	BTFSC      STATUS, 0
;__Lib_Math.c,1874 :: 		
0x0057	0x0F77      	INCFSZ     R7, 0
;__Lib_Math.c,1875 :: 		
0x0058	0x07FB      	ADDWF      R11, 1
;__Lib_Math.c,1878 :: 		
_EXIT2:
;__Lib_Math.c,1880 :: 		
L_end_Mul_32x32_U:
0x0059	0x0008      	RETURN
; end of _Mul_32x32_U
_Delay_Cyc:
;__Lib_Delays.c,65 :: 		void Delay_Cyc(char cycles_div_by_10)  { // Cycles_div_by_10: min 3, max 255
;__Lib_Delays.c,67 :: 		--cycles_div_by_10;
0x005A	0x1283      	BCF        STATUS, 5
0x005B	0x1303      	BCF        STATUS, 6
0x005C	0x03B9      	DECF       FARG_Delay_Cyc_cycles_div_by_10, 1
;__Lib_Delays.c,68 :: 		--cycles_div_by_10;
0x005D	0x03B9      	DECF       FARG_Delay_Cyc_cycles_div_by_10, 1
;__Lib_Delays.c,69 :: 		while (cycles_div_by_10 > 0) {
L_Delay_Cyc13:
0x005E	0x0839      	MOVF       FARG_Delay_Cyc_cycles_div_by_10, 0
0x005F	0x3C00      	SUBLW      0
0x0060	0x1803      	BTFSC      STATUS, 0
0x0061	0x2867      	GOTO       L_Delay_Cyc14
;__Lib_Delays.c,70 :: 		--cycles_div_by_10;
0x0062	0x03B9      	DECF       FARG_Delay_Cyc_cycles_div_by_10, 1
;__Lib_Delays.c,71 :: 		asm nop;
0x0063	0x0000      	NOP
;__Lib_Delays.c,72 :: 		asm nop;
0x0064	0x0000      	NOP
;__Lib_Delays.c,73 :: 		asm nop;
0x0065	0x0000      	NOP
;__Lib_Delays.c,74 :: 		}
0x0066	0x285E      	GOTO       L_Delay_Cyc13
L_Delay_Cyc14:
;__Lib_Delays.c,75 :: 		asm nop;
0x0067	0x0000      	NOP
;__Lib_Delays.c,76 :: 		asm nop;
0x0068	0x0000      	NOP
;__Lib_Delays.c,77 :: 		asm nop;
0x0069	0x0000      	NOP
;__Lib_Delays.c,78 :: 		asm nop;
0x006A	0x0000      	NOP
;__Lib_Delays.c,79 :: 		asm nop;
0x006B	0x0000      	NOP
;__Lib_Delays.c,80 :: 		}
L_end_Delay_Cyc:
0x006C	0x0008      	RETURN
; end of _Delay_Cyc
_Get_Fosc_kHz:
;__Lib_Delays.c,1 :: 		unsigned long Get_Fosc_kHz(){
;__Lib_Delays.c,3 :: 		return Clock_kHz();
0x006D	0x30A0      	MOVLW      160
0x006E	0x1283      	BCF        STATUS, 5
0x006F	0x1303      	BCF        STATUS, 6
0x0070	0x00F0      	MOVWF      R0
0x0071	0x300F      	MOVLW      15
0x0072	0x00F1      	MOVWF      R0+1
0x0073	0x01F2      	CLRF       R0+2
0x0074	0x01F3      	CLRF       R0+3
;__Lib_Delays.c,5 :: 		}
L_end_Get_Fosc_kHz:
0x0075	0x0008      	RETURN
; end of _Get_Fosc_kHz
_Div_32x32_U:
;__Lib_Math.c,1318 :: 		
;__Lib_Math.c,1327 :: 		
;__Lib_Math.c,1329 :: 		
0x0076	0x1283      	BCF        STATUS, 5
;__Lib_Math.c,1330 :: 		
0x0077	0x1303      	BCF        STATUS, 6
;__Lib_Math.c,1331 :: 		
0x0078	0x01FB      	CLRF       R11
;__Lib_Math.c,1332 :: 		
0x0079	0x01FA      	CLRF       R10
;__Lib_Math.c,1333 :: 		
0x007A	0x01F9      	CLRF       R9
;__Lib_Math.c,1334 :: 		
0x007B	0x01F8      	CLRF       R8
;__Lib_Math.c,1336 :: 		
0x007C	0x01A0      	CLRF       ___math_tempb
;__Lib_Math.c,1338 :: 		
0x007D	0x0D73      	RLF        R3, 0
;__Lib_Math.c,1339 :: 		
0x007E	0x0DF8      	RLF        R8, 1
;__Lib_Math.c,1340 :: 		
0x007F	0x0874      	MOVF       R4, 0
;__Lib_Math.c,1341 :: 		
0x0080	0x02F8      	SUBWF      R8, 1
;__Lib_Math.c,1342 :: 		
0x0081	0x0875      	MOVF       R5, 0
;__Lib_Math.c,1343 :: 		
0x0082	0x1C03      	BTFSS      STATUS, 0
;__Lib_Math.c,1344 :: 		
0x0083	0x0F75      	INCFSZ     R5, 0
;__Lib_Math.c,1345 :: 		
0x0084	0x02F9      	SUBWF      R9, 1
;__Lib_Math.c,1346 :: 		
0x0085	0x0876      	MOVF       R6, 0
;__Lib_Math.c,1347 :: 		
0x0086	0x1C03      	BTFSS      STATUS, 0
;__Lib_Math.c,1348 :: 		
0x0087	0x0F76      	INCFSZ     R6, 0
;__Lib_Math.c,1349 :: 		
0x0088	0x02FA      	SUBWF      R10, 1
;__Lib_Math.c,1350 :: 		
0x0089	0x0877      	MOVF       R7, 0
;__Lib_Math.c,1351 :: 		
0x008A	0x1C03      	BTFSS      STATUS, 0
;__Lib_Math.c,1352 :: 		
0x008B	0x0F77      	INCFSZ     R7, 0
;__Lib_Math.c,1353 :: 		
0x008C	0x02FB      	SUBWF      R11, 1
;__Lib_Math.c,1355 :: 		
0x008D	0x0100      	CLRW
;__Lib_Math.c,1356 :: 		
0x008E	0x1C03      	BTFSS      STATUS, 0
;__Lib_Math.c,1357 :: 		
0x008F	0x3001      	MOVLW      1
;__Lib_Math.c,1358 :: 		
0x0090	0x02A0      	SUBWF      ___math_tempb, 1
;__Lib_Math.c,1359 :: 		
0x0091	0x0DF3      	RLF        R3, 1
;__Lib_Math.c,1361 :: 		
0x0092	0x3007      	MOVLW      7
;__Lib_Math.c,1362 :: 		
0x0093	0x00FC      	MOVWF      R12
;__Lib_Math.c,1364 :: 		
LOOPU3232A:
;__Lib_Math.c,1365 :: 		
0x0094	0x0D73      	RLF        R3, 0
;__Lib_Math.c,1366 :: 		
0x0095	0x0DF8      	RLF        R8, 1
;__Lib_Math.c,1367 :: 		
0x0096	0x0DF9      	RLF        R9, 1
;__Lib_Math.c,1368 :: 		
0x0097	0x0DFA      	RLF        R10, 1
;__Lib_Math.c,1369 :: 		
0x0098	0x0DFB      	RLF        R11, 1
;__Lib_Math.c,1370 :: 		
0x0099	0x0DA0      	RLF        ___math_tempb, 1
;__Lib_Math.c,1371 :: 		
0x009A	0x0874      	MOVF       R4, 0
;__Lib_Math.c,1372 :: 		
0x009B	0x1C73      	BTFSS      R3, 0
;__Lib_Math.c,1373 :: 		
0x009C	0x28AF      	GOTO       UADD22LA
;__Lib_Math.c,1375 :: 		
0x009D	0x02F8      	SUBWF      R8, 1
;__Lib_Math.c,1376 :: 		
0x009E	0x0875      	MOVF       R5, 0
;__Lib_Math.c,1377 :: 		
0x009F	0x1C03      	BTFSS      STATUS, 0
;__Lib_Math.c,1378 :: 		
0x00A0	0x0F75      	INCFSZ     R5, 0
;__Lib_Math.c,1379 :: 		
0x00A1	0x02F9      	SUBWF      R9, 1
;__Lib_Math.c,1380 :: 		
0x00A2	0x0876      	MOVF       R6, 0
;__Lib_Math.c,1381 :: 		
0x00A3	0x1C03      	BTFSS      STATUS, 0
;__Lib_Math.c,1382 :: 		
0x00A4	0x0F76      	INCFSZ     R6, 0
;__Lib_Math.c,1383 :: 		
0x00A5	0x02FA      	SUBWF      R10, 1
;__Lib_Math.c,1384 :: 		
0x00A6	0x0877      	MOVF       R7, 0
;__Lib_Math.c,1385 :: 		
0x00A7	0x1C03      	BTFSS      STATUS, 0
;__Lib_Math.c,1386 :: 		
0x00A8	0x0F77      	INCFSZ     R7, 0
;__Lib_Math.c,1387 :: 		
0x00A9	0x02FB      	SUBWF      R11, 1
;__Lib_Math.c,1388 :: 		
0x00AA	0x0100      	CLRW
;__Lib_Math.c,1389 :: 		
0x00AB	0x1C03      	BTFSS      STATUS, 0
;__Lib_Math.c,1390 :: 		
0x00AC	0x3001      	MOVLW      1
;__Lib_Math.c,1391 :: 		
0x00AD	0x02A0      	SUBWF      ___math_tempb, 1
;__Lib_Math.c,1392 :: 		
0x00AE	0x28C0      	GOTO       UOK22LA
;__Lib_Math.c,1394 :: 		
UADD22LA:
;__Lib_Math.c,1395 :: 		
0x00AF	0x07F8      	ADDWF      R8, 1
;__Lib_Math.c,1396 :: 		
0x00B0	0x0875      	MOVF       R5, 0
;__Lib_Math.c,1397 :: 		
0x00B1	0x1803      	BTFSC      STATUS, 0
;__Lib_Math.c,1398 :: 		
0x00B2	0x0F75      	INCFSZ     R5, 0
;__Lib_Math.c,1399 :: 		
0x00B3	0x07F9      	ADDWF      R9, 1
;__Lib_Math.c,1400 :: 		
0x00B4	0x0876      	MOVF       R6, 0
;__Lib_Math.c,1401 :: 		
0x00B5	0x1803      	BTFSC      STATUS, 0
;__Lib_Math.c,1402 :: 		
0x00B6	0x0F76      	INCFSZ     R6, 0
;__Lib_Math.c,1403 :: 		
0x00B7	0x07FA      	ADDWF      R10, 1
;__Lib_Math.c,1404 :: 		
0x00B8	0x0877      	MOVF       R7, 0
;__Lib_Math.c,1405 :: 		
0x00B9	0x1803      	BTFSC      STATUS, 0
;__Lib_Math.c,1406 :: 		
0x00BA	0x0F77      	INCFSZ     R7, 0
;__Lib_Math.c,1407 :: 		
0x00BB	0x07FB      	ADDWF      R11, 1
;__Lib_Math.c,1408 :: 		
0x00BC	0x0100      	CLRW
;__Lib_Math.c,1409 :: 		
0x00BD	0x1803      	BTFSC      STATUS, 0
;__Lib_Math.c,1410 :: 		
0x00BE	0x3001      	MOVLW      1
;__Lib_Math.c,1411 :: 		
0x00BF	0x07A0      	ADDWF      ___math_tempb, 1
;__Lib_Math.c,1413 :: 		
UOK22LA:
;__Lib_Math.c,1414 :: 		
0x00C0	0x0DF3      	RLF        R3, 1
;__Lib_Math.c,1416 :: 		
0x00C1	0x0BFC      	DECFSZ     R12, 1
;__Lib_Math.c,1417 :: 		
0x00C2	0x2894      	GOTO       LOOPU3232A
;__Lib_Math.c,1419 :: 		
0x00C3	0x0D72      	RLF        R2, 0
;__Lib_Math.c,1420 :: 		
0x00C4	0x0DF8      	RLF        R8, 1
;__Lib_Math.c,1421 :: 		
0x00C5	0x0DF9      	RLF        R9, 1
;__Lib_Math.c,1422 :: 		
0x00C6	0x0DFA      	RLF        R10, 1
;__Lib_Math.c,1423 :: 		
0x00C7	0x0DFB      	RLF        R11, 1
;__Lib_Math.c,1424 :: 		
0x00C8	0x0DA0      	RLF        ___math_tempb, 1
;__Lib_Math.c,1425 :: 		
0x00C9	0x0874      	MOVF       R4, 0
;__Lib_Math.c,1426 :: 		
0x00CA	0x1C73      	BTFSS      R3, 0
;__Lib_Math.c,1427 :: 		
0x00CB	0x28DE      	GOTO       UADD22L8
;__Lib_Math.c,1429 :: 		
0x00CC	0x02F8      	SUBWF      R8, 1
;__Lib_Math.c,1430 :: 		
0x00CD	0x0875      	MOVF       R5, 0
;__Lib_Math.c,1431 :: 		
0x00CE	0x1C03      	BTFSS      STATUS, 0
;__Lib_Math.c,1432 :: 		
0x00CF	0x0F75      	INCFSZ     R5, 0
;__Lib_Math.c,1433 :: 		
0x00D0	0x02F9      	SUBWF      R9, 1
;__Lib_Math.c,1434 :: 		
0x00D1	0x0876      	MOVF       R6, 0
;__Lib_Math.c,1435 :: 		
0x00D2	0x1C03      	BTFSS      STATUS, 0
;__Lib_Math.c,1436 :: 		
0x00D3	0x0F76      	INCFSZ     R6, 0
;__Lib_Math.c,1437 :: 		
0x00D4	0x02FA      	SUBWF      R10, 1
;__Lib_Math.c,1438 :: 		
0x00D5	0x0877      	MOVF       R7, 0
;__Lib_Math.c,1439 :: 		
0x00D6	0x1C03      	BTFSS      STATUS, 0
;__Lib_Math.c,1440 :: 		
0x00D7	0x0F77      	INCFSZ     R7, 0
;__Lib_Math.c,1441 :: 		
0x00D8	0x02FB      	SUBWF      R11, 1
;__Lib_Math.c,1442 :: 		
0x00D9	0x0100      	CLRW
;__Lib_Math.c,1443 :: 		
0x00DA	0x1C03      	BTFSS      STATUS, 0
;__Lib_Math.c,1444 :: 		
0x00DB	0x3001      	MOVLW      1
;__Lib_Math.c,1445 :: 		
0x00DC	0x02A0      	SUBWF      ___math_tempb, 1
;__Lib_Math.c,1446 :: 		
0x00DD	0x28EF      	GOTO       UOK22L8
;__Lib_Math.c,1448 :: 		
UADD22L8:
;__Lib_Math.c,1449 :: 		
0x00DE	0x07F8      	ADDWF      R8, 1
;__Lib_Math.c,1450 :: 		
0x00DF	0x0875      	MOVF       R5, 0
;__Lib_Math.c,1451 :: 		
0x00E0	0x1803      	BTFSC      STATUS, 0
;__Lib_Math.c,1452 :: 		
0x00E1	0x0F75      	INCFSZ     R5, 0
;__Lib_Math.c,1453 :: 		
0x00E2	0x07F9      	ADDWF      R9, 1
;__Lib_Math.c,1454 :: 		
0x00E3	0x0876      	MOVF       R6, 0
;__Lib_Math.c,1455 :: 		
0x00E4	0x1803      	BTFSC      STATUS, 0
;__Lib_Math.c,1456 :: 		
0x00E5	0x0F76      	INCFSZ     R6, 0
;__Lib_Math.c,1457 :: 		
0x00E6	0x07FA      	ADDWF      R10, 1
;__Lib_Math.c,1458 :: 		
0x00E7	0x0877      	MOVF       R7, 0
;__Lib_Math.c,1459 :: 		
0x00E8	0x1803      	BTFSC      STATUS, 0
;__Lib_Math.c,1460 :: 		
0x00E9	0x0F77      	INCFSZ     R7, 0
;__Lib_Math.c,1461 :: 		
0x00EA	0x07FB      	ADDWF      R11, 1
;__Lib_Math.c,1462 :: 		
0x00EB	0x0100      	CLRW
;__Lib_Math.c,1463 :: 		
0x00EC	0x1803      	BTFSC      STATUS, 0
;__Lib_Math.c,1464 :: 		
0x00ED	0x3001      	MOVLW      1
;__Lib_Math.c,1465 :: 		
0x00EE	0x07A0      	ADDWF      ___math_tempb, 1
;__Lib_Math.c,1467 :: 		
UOK22L8:
;__Lib_Math.c,1468 :: 		
0x00EF	0x0DF2      	RLF        R2, 1
;__Lib_Math.c,1470 :: 		
0x00F0	0x3007      	MOVLW      7
;__Lib_Math.c,1471 :: 		
0x00F1	0x00FC      	MOVWF      R12
;__Lib_Math.c,1473 :: 		
LOOPU3232B:
;__Lib_Math.c,1474 :: 		
0x00F2	0x0D72      	RLF        R2, 0
;__Lib_Math.c,1475 :: 		
0x00F3	0x0DF8      	RLF        R8, 1
;__Lib_Math.c,1476 :: 		
0x00F4	0x0DF9      	RLF        R9, 1
;__Lib_Math.c,1477 :: 		
0x00F5	0x0DFA      	RLF        R10, 1
;__Lib_Math.c,1478 :: 		
0x00F6	0x0DFB      	RLF        R11, 1
;__Lib_Math.c,1479 :: 		
0x00F7	0x0DA0      	RLF        ___math_tempb, 1
;__Lib_Math.c,1480 :: 		
0x00F8	0x0874      	MOVF       R4, 0
;__Lib_Math.c,1481 :: 		
0x00F9	0x1C72      	BTFSS      R2, 0
;__Lib_Math.c,1482 :: 		
0x00FA	0x290D      	GOTO       UADD22LB
;__Lib_Math.c,1484 :: 		
0x00FB	0x02F8      	SUBWF      R8, 1
;__Lib_Math.c,1485 :: 		
0x00FC	0x0875      	MOVF       R5, 0
;__Lib_Math.c,1486 :: 		
0x00FD	0x1C03      	BTFSS      STATUS, 0
;__Lib_Math.c,1487 :: 		
0x00FE	0x0F75      	INCFSZ     R5, 0
;__Lib_Math.c,1488 :: 		
0x00FF	0x02F9      	SUBWF      R9, 1
;__Lib_Math.c,1489 :: 		
0x0100	0x0876      	MOVF       R6, 0
;__Lib_Math.c,1490 :: 		
0x0101	0x1C03      	BTFSS      STATUS, 0
;__Lib_Math.c,1491 :: 		
0x0102	0x0F76      	INCFSZ     R6, 0
;__Lib_Math.c,1492 :: 		
0x0103	0x02FA      	SUBWF      R10, 1
;__Lib_Math.c,1493 :: 		
0x0104	0x0877      	MOVF       R7, 0
;__Lib_Math.c,1494 :: 		
0x0105	0x1C03      	BTFSS      STATUS, 0
;__Lib_Math.c,1495 :: 		
0x0106	0x0F77      	INCFSZ     R7, 0
;__Lib_Math.c,1496 :: 		
0x0107	0x02FB      	SUBWF      R11, 1
;__Lib_Math.c,1497 :: 		
0x0108	0x0100      	CLRW
;__Lib_Math.c,1498 :: 		
0x0109	0x1C03      	BTFSS      STATUS, 0
;__Lib_Math.c,1499 :: 		
0x010A	0x3001      	MOVLW      1
;__Lib_Math.c,1500 :: 		
0x010B	0x02A0      	SUBWF      ___math_tempb, 1
;__Lib_Math.c,1501 :: 		
0x010C	0x291E      	GOTO       UOK22LB
;__Lib_Math.c,1503 :: 		
UADD22LB:
;__Lib_Math.c,1504 :: 		
0x010D	0x07F8      	ADDWF      R8, 1
;__Lib_Math.c,1505 :: 		
0x010E	0x0875      	MOVF       R5, 0
;__Lib_Math.c,1506 :: 		
0x010F	0x1803      	BTFSC      STATUS, 0
;__Lib_Math.c,1507 :: 		
0x0110	0x0F75      	INCFSZ     R5, 0
;__Lib_Math.c,1508 :: 		
0x0111	0x07F9      	ADDWF      R9, 1
;__Lib_Math.c,1509 :: 		
0x0112	0x0876      	MOVF       R6, 0
;__Lib_Math.c,1510 :: 		
0x0113	0x1803      	BTFSC      STATUS, 0
;__Lib_Math.c,1511 :: 		
0x0114	0x0F76      	INCFSZ     R6, 0
;__Lib_Math.c,1512 :: 		
0x0115	0x07FA      	ADDWF      R10, 1
;__Lib_Math.c,1513 :: 		
0x0116	0x0877      	MOVF       R7, 0
;__Lib_Math.c,1514 :: 		
0x0117	0x1803      	BTFSC      STATUS, 0
;__Lib_Math.c,1515 :: 		
0x0118	0x0F77      	INCFSZ     R7, 0
;__Lib_Math.c,1516 :: 		
0x0119	0x07FB      	ADDWF      R11, 1
;__Lib_Math.c,1517 :: 		
0x011A	0x0100      	CLRW
;__Lib_Math.c,1518 :: 		
0x011B	0x1803      	BTFSC      STATUS, 0
;__Lib_Math.c,1519 :: 		
0x011C	0x3001      	MOVLW      1
;__Lib_Math.c,1520 :: 		
0x011D	0x07A0      	ADDWF      ___math_tempb, 1
;__Lib_Math.c,1522 :: 		
UOK22LB:
;__Lib_Math.c,1523 :: 		
0x011E	0x0DF2      	RLF        R2, 1
;__Lib_Math.c,1525 :: 		
0x011F	0x0BFC      	DECFSZ     R12, 1
;__Lib_Math.c,1526 :: 		
0x0120	0x28F2      	GOTO       LOOPU3232B
;__Lib_Math.c,1528 :: 		
0x0121	0x0D71      	RLF        R1, 0
;__Lib_Math.c,1529 :: 		
0x0122	0x0DF8      	RLF        R8, 1
;__Lib_Math.c,1530 :: 		
0x0123	0x0DF9      	RLF        R9, 1
;__Lib_Math.c,1531 :: 		
0x0124	0x0DFA      	RLF        R10, 1
;__Lib_Math.c,1532 :: 		
0x0125	0x0DFB      	RLF        R11, 1
;__Lib_Math.c,1533 :: 		
0x0126	0x0DA0      	RLF        ___math_tempb, 1
;__Lib_Math.c,1534 :: 		
0x0127	0x0874      	MOVF       R4, 0
;__Lib_Math.c,1535 :: 		
0x0128	0x1C72      	BTFSS      R2, 0
;__Lib_Math.c,1536 :: 		
0x0129	0x293C      	GOTO       UADD22L16
;__Lib_Math.c,1538 :: 		
0x012A	0x02F8      	SUBWF      R8, 1
;__Lib_Math.c,1539 :: 		
0x012B	0x0875      	MOVF       R5, 0
;__Lib_Math.c,1540 :: 		
0x012C	0x1C03      	BTFSS      STATUS, 0
;__Lib_Math.c,1541 :: 		
0x012D	0x0F75      	INCFSZ     R5, 0
;__Lib_Math.c,1542 :: 		
0x012E	0x02F9      	SUBWF      R9, 1
;__Lib_Math.c,1543 :: 		
0x012F	0x0876      	MOVF       R6, 0
;__Lib_Math.c,1544 :: 		
0x0130	0x1C03      	BTFSS      STATUS, 0
;__Lib_Math.c,1545 :: 		
0x0131	0x0F76      	INCFSZ     R6, 0
;__Lib_Math.c,1546 :: 		
0x0132	0x02FA      	SUBWF      R10, 1
;__Lib_Math.c,1547 :: 		
0x0133	0x0877      	MOVF       R7, 0
;__Lib_Math.c,1548 :: 		
0x0134	0x1C03      	BTFSS      STATUS, 0
;__Lib_Math.c,1549 :: 		
0x0135	0x0F77      	INCFSZ     R7, 0
;__Lib_Math.c,1550 :: 		
0x0136	0x02FB      	SUBWF      R11, 1
;__Lib_Math.c,1551 :: 		
0x0137	0x0100      	CLRW
;__Lib_Math.c,1552 :: 		
0x0138	0x1C03      	BTFSS      STATUS, 0
;__Lib_Math.c,1553 :: 		
0x0139	0x3001      	MOVLW      1
;__Lib_Math.c,1554 :: 		
0x013A	0x02A0      	SUBWF      ___math_tempb, 1
;__Lib_Math.c,1555 :: 		
0x013B	0x294D      	GOTO       UOK22L16
;__Lib_Math.c,1557 :: 		
UADD22L16:
;__Lib_Math.c,1558 :: 		
0x013C	0x07F8      	ADDWF      R8, 1
;__Lib_Math.c,1559 :: 		
0x013D	0x0875      	MOVF       R5, 0
;__Lib_Math.c,1560 :: 		
0x013E	0x1803      	BTFSC      STATUS, 0
;__Lib_Math.c,1561 :: 		
0x013F	0x0F75      	INCFSZ     R5, 0
;__Lib_Math.c,1562 :: 		
0x0140	0x07F9      	ADDWF      R9, 1
;__Lib_Math.c,1563 :: 		
0x0141	0x0876      	MOVF       R6, 0
;__Lib_Math.c,1564 :: 		
0x0142	0x1803      	BTFSC      STATUS, 0
;__Lib_Math.c,1565 :: 		
0x0143	0x0F76      	INCFSZ     R6, 0
;__Lib_Math.c,1566 :: 		
0x0144	0x07FA      	ADDWF      R10, 1
;__Lib_Math.c,1567 :: 		
0x0145	0x0877      	MOVF       R7, 0
;__Lib_Math.c,1568 :: 		
0x0146	0x1803      	BTFSC      STATUS, 0
;__Lib_Math.c,1569 :: 		
0x0147	0x0F77      	INCFSZ     R7, 0
;__Lib_Math.c,1570 :: 		
0x0148	0x07FB      	ADDWF      R11, 1
;__Lib_Math.c,1571 :: 		
0x0149	0x0100      	CLRW
;__Lib_Math.c,1572 :: 		
0x014A	0x1803      	BTFSC      STATUS, 0
;__Lib_Math.c,1573 :: 		
0x014B	0x3001      	MOVLW      1
;__Lib_Math.c,1574 :: 		
0x014C	0x07A0      	ADDWF      ___math_tempb, 1
;__Lib_Math.c,1576 :: 		
UOK22L16:
;__Lib_Math.c,1577 :: 		
0x014D	0x0DF1      	RLF        R1, 1
;__Lib_Math.c,1579 :: 		
0x014E	0x3007      	MOVLW      7
;__Lib_Math.c,1580 :: 		
0x014F	0x00FC      	MOVWF      R12
;__Lib_Math.c,1582 :: 		
LOOPU3232C:
;__Lib_Math.c,1583 :: 		
0x0150	0x0D71      	RLF        R1, 0
;__Lib_Math.c,1584 :: 		
0x0151	0x0DF8      	RLF        R8, 1
;__Lib_Math.c,1585 :: 		
0x0152	0x0DF9      	RLF        R9, 1
;__Lib_Math.c,1586 :: 		
0x0153	0x0DFA      	RLF        R10, 1
;__Lib_Math.c,1587 :: 		
0x0154	0x0DFB      	RLF        R11, 1
;__Lib_Math.c,1588 :: 		
0x0155	0x0DA0      	RLF        ___math_tempb, 1
;__Lib_Math.c,1589 :: 		
0x0156	0x0874      	MOVF       R4, 0
;__Lib_Math.c,1590 :: 		
0x0157	0x1C71      	BTFSS      R1, 0
;__Lib_Math.c,1591 :: 		
0x0158	0x296B      	GOTO       UADD22LC
;__Lib_Math.c,1593 :: 		
0x0159	0x02F8      	SUBWF      R8, 1
;__Lib_Math.c,1594 :: 		
0x015A	0x0875      	MOVF       R5, 0
;__Lib_Math.c,1595 :: 		
0x015B	0x1C03      	BTFSS      STATUS, 0
;__Lib_Math.c,1596 :: 		
0x015C	0x0F75      	INCFSZ     R5, 0
;__Lib_Math.c,1597 :: 		
0x015D	0x02F9      	SUBWF      R9, 1
;__Lib_Math.c,1598 :: 		
0x015E	0x0876      	MOVF       R6, 0
;__Lib_Math.c,1599 :: 		
0x015F	0x1C03      	BTFSS      STATUS, 0
;__Lib_Math.c,1600 :: 		
0x0160	0x0F76      	INCFSZ     R6, 0
;__Lib_Math.c,1601 :: 		
0x0161	0x02FA      	SUBWF      R10, 1
;__Lib_Math.c,1602 :: 		
0x0162	0x0877      	MOVF       R7, 0
;__Lib_Math.c,1603 :: 		
0x0163	0x1C03      	BTFSS      STATUS, 0
;__Lib_Math.c,1604 :: 		
0x0164	0x0F77      	INCFSZ     R7, 0
;__Lib_Math.c,1605 :: 		
0x0165	0x02FB      	SUBWF      R11, 1
;__Lib_Math.c,1606 :: 		
0x0166	0x0100      	CLRW
;__Lib_Math.c,1607 :: 		
0x0167	0x1C03      	BTFSS      STATUS, 0
;__Lib_Math.c,1608 :: 		
0x0168	0x3001      	MOVLW      1
;__Lib_Math.c,1609 :: 		
0x0169	0x02A0      	SUBWF      ___math_tempb, 1
;__Lib_Math.c,1610 :: 		
0x016A	0x297C      	GOTO       UOK22LC
;__Lib_Math.c,1612 :: 		
UADD22LC:
;__Lib_Math.c,1613 :: 		
0x016B	0x07F8      	ADDWF      R8, 1
;__Lib_Math.c,1614 :: 		
0x016C	0x0875      	MOVF       R5, 0
;__Lib_Math.c,1615 :: 		
0x016D	0x1803      	BTFSC      STATUS, 0
;__Lib_Math.c,1616 :: 		
0x016E	0x0F75      	INCFSZ     R5, 0
;__Lib_Math.c,1617 :: 		
0x016F	0x07F9      	ADDWF      R9, 1
;__Lib_Math.c,1618 :: 		
0x0170	0x0876      	MOVF       R6, 0
;__Lib_Math.c,1619 :: 		
0x0171	0x1803      	BTFSC      STATUS, 0
;__Lib_Math.c,1620 :: 		
0x0172	0x0F76      	INCFSZ     R6, 0
;__Lib_Math.c,1621 :: 		
0x0173	0x07FA      	ADDWF      R10, 1
;__Lib_Math.c,1622 :: 		
0x0174	0x0877      	MOVF       R7, 0
;__Lib_Math.c,1623 :: 		
0x0175	0x1803      	BTFSC      STATUS, 0
;__Lib_Math.c,1624 :: 		
0x0176	0x0F77      	INCFSZ     R7, 0
;__Lib_Math.c,1625 :: 		
0x0177	0x07FB      	ADDWF      R11, 1
;__Lib_Math.c,1626 :: 		
0x0178	0x0100      	CLRW
;__Lib_Math.c,1627 :: 		
0x0179	0x1803      	BTFSC      STATUS, 0
;__Lib_Math.c,1628 :: 		
0x017A	0x3001      	MOVLW      1
;__Lib_Math.c,1629 :: 		
0x017B	0x07A0      	ADDWF      ___math_tempb, 1
;__Lib_Math.c,1631 :: 		
UOK22LC:
;__Lib_Math.c,1632 :: 		
0x017C	0x0DF1      	RLF        R1, 1
;__Lib_Math.c,1634 :: 		
0x017D	0x0BFC      	DECFSZ     R12, 1
;__Lib_Math.c,1635 :: 		
0x017E	0x2950      	GOTO       LOOPU3232C
;__Lib_Math.c,1637 :: 		
0x017F	0x0D70      	RLF        R0, 0
;__Lib_Math.c,1638 :: 		
0x0180	0x0DF8      	RLF        R8, 1
;__Lib_Math.c,1639 :: 		
0x0181	0x0DF9      	RLF        R9, 1
;__Lib_Math.c,1640 :: 		
0x0182	0x0DFA      	RLF        R10, 1
;__Lib_Math.c,1641 :: 		
0x0183	0x0DFB      	RLF        R11, 1
;__Lib_Math.c,1642 :: 		
0x0184	0x0DA0      	RLF        ___math_tempb, 1
;__Lib_Math.c,1643 :: 		
0x0185	0x0874      	MOVF       R4, 0
;__Lib_Math.c,1644 :: 		
0x0186	0x1C71      	BTFSS      R1, 0
;__Lib_Math.c,1645 :: 		
0x0187	0x299A      	GOTO       UADD22L24
;__Lib_Math.c,1647 :: 		
0x0188	0x02F8      	SUBWF      R8, 1
;__Lib_Math.c,1648 :: 		
0x0189	0x0875      	MOVF       R5, 0
;__Lib_Math.c,1649 :: 		
0x018A	0x1C03      	BTFSS      STATUS, 0
;__Lib_Math.c,1650 :: 		
0x018B	0x0F75      	INCFSZ     R5, 0
;__Lib_Math.c,1651 :: 		
0x018C	0x02F9      	SUBWF      R9, 1
;__Lib_Math.c,1652 :: 		
0x018D	0x0876      	MOVF       R6, 0
;__Lib_Math.c,1653 :: 		
0x018E	0x1C03      	BTFSS      STATUS, 0
;__Lib_Math.c,1654 :: 		
0x018F	0x0F76      	INCFSZ     R6, 0
;__Lib_Math.c,1655 :: 		
0x0190	0x02FA      	SUBWF      R10, 1
;__Lib_Math.c,1656 :: 		
0x0191	0x0877      	MOVF       R7, 0
;__Lib_Math.c,1657 :: 		
0x0192	0x1C03      	BTFSS      STATUS, 0
;__Lib_Math.c,1658 :: 		
0x0193	0x0F77      	INCFSZ     R7, 0
;__Lib_Math.c,1659 :: 		
0x0194	0x02FB      	SUBWF      R11, 1
;__Lib_Math.c,1660 :: 		
0x0195	0x0100      	CLRW
;__Lib_Math.c,1661 :: 		
0x0196	0x1C03      	BTFSS      STATUS, 0
;__Lib_Math.c,1662 :: 		
0x0197	0x3001      	MOVLW      1
;__Lib_Math.c,1663 :: 		
0x0198	0x02A0      	SUBWF      ___math_tempb, 1
;__Lib_Math.c,1664 :: 		
0x0199	0x29AB      	GOTO       UOK22L24
;__Lib_Math.c,1666 :: 		
UADD22L24:
;__Lib_Math.c,1667 :: 		
0x019A	0x07F8      	ADDWF      R8, 1
;__Lib_Math.c,1668 :: 		
0x019B	0x0875      	MOVF       R5, 0
;__Lib_Math.c,1669 :: 		
0x019C	0x1803      	BTFSC      STATUS, 0
;__Lib_Math.c,1670 :: 		
0x019D	0x0F75      	INCFSZ     R5, 0
;__Lib_Math.c,1671 :: 		
0x019E	0x07F9      	ADDWF      R9, 1
;__Lib_Math.c,1672 :: 		
0x019F	0x0876      	MOVF       R6, 0
;__Lib_Math.c,1673 :: 		
0x01A0	0x1803      	BTFSC      STATUS, 0
;__Lib_Math.c,1674 :: 		
0x01A1	0x0F76      	INCFSZ     R6, 0
;__Lib_Math.c,1675 :: 		
0x01A2	0x07FA      	ADDWF      R10, 1
;__Lib_Math.c,1676 :: 		
0x01A3	0x0877      	MOVF       R7, 0
;__Lib_Math.c,1677 :: 		
0x01A4	0x1803      	BTFSC      STATUS, 0
;__Lib_Math.c,1678 :: 		
0x01A5	0x0F77      	INCFSZ     R7, 0
;__Lib_Math.c,1679 :: 		
0x01A6	0x07FB      	ADDWF      R11, 1
;__Lib_Math.c,1680 :: 		
0x01A7	0x0100      	CLRW
;__Lib_Math.c,1681 :: 		
0x01A8	0x1803      	BTFSC      STATUS, 0
;__Lib_Math.c,1682 :: 		
0x01A9	0x3001      	MOVLW      1
;__Lib_Math.c,1683 :: 		
0x01AA	0x07A0      	ADDWF      ___math_tempb, 1
;__Lib_Math.c,1685 :: 		
UOK22L24:
;__Lib_Math.c,1686 :: 		
0x01AB	0x0DF0      	RLF        R0, 1
;__Lib_Math.c,1688 :: 		
0x01AC	0x3007      	MOVLW      7
;__Lib_Math.c,1689 :: 		
0x01AD	0x00FC      	MOVWF      R12
;__Lib_Math.c,1691 :: 		
LOOPU3232D:
;__Lib_Math.c,1692 :: 		
0x01AE	0x0D70      	RLF        R0, 0
;__Lib_Math.c,1693 :: 		
0x01AF	0x0DF8      	RLF        R8, 1
;__Lib_Math.c,1694 :: 		
0x01B0	0x0DF9      	RLF        R9, 1
;__Lib_Math.c,1695 :: 		
0x01B1	0x0DFA      	RLF        R10, 1
;__Lib_Math.c,1696 :: 		
0x01B2	0x0DFB      	RLF        R11, 1
;__Lib_Math.c,1697 :: 		
0x01B3	0x0DA0      	RLF        ___math_tempb, 1
;__Lib_Math.c,1698 :: 		
0x01B4	0x0874      	MOVF       R4, 0
;__Lib_Math.c,1699 :: 		
0x01B5	0x1C70      	BTFSS      R0, 0
;__Lib_Math.c,1700 :: 		
0x01B6	0x29C9      	GOTO       UADD22LD
;__Lib_Math.c,1702 :: 		
0x01B7	0x02F8      	SUBWF      R8, 1
;__Lib_Math.c,1703 :: 		
0x01B8	0x0875      	MOVF       R5, 0
;__Lib_Math.c,1704 :: 		
0x01B9	0x1C03      	BTFSS      STATUS, 0
;__Lib_Math.c,1705 :: 		
0x01BA	0x0F75      	INCFSZ     R5, 0
;__Lib_Math.c,1706 :: 		
0x01BB	0x02F9      	SUBWF      R9, 1
;__Lib_Math.c,1707 :: 		
0x01BC	0x0876      	MOVF       R6, 0
;__Lib_Math.c,1708 :: 		
0x01BD	0x1C03      	BTFSS      STATUS, 0
;__Lib_Math.c,1709 :: 		
0x01BE	0x0F76      	INCFSZ     R6, 0
;__Lib_Math.c,1710 :: 		
0x01BF	0x02FA      	SUBWF      R10, 1
;__Lib_Math.c,1711 :: 		
0x01C0	0x0877      	MOVF       R7, 0
;__Lib_Math.c,1712 :: 		
0x01C1	0x1C03      	BTFSS      STATUS, 0
;__Lib_Math.c,1713 :: 		
0x01C2	0x0F77      	INCFSZ     R7, 0
;__Lib_Math.c,1714 :: 		
0x01C3	0x02FB      	SUBWF      R11, 1
;__Lib_Math.c,1715 :: 		
0x01C4	0x0100      	CLRW
;__Lib_Math.c,1716 :: 		
0x01C5	0x1C03      	BTFSS      STATUS, 0
;__Lib_Math.c,1717 :: 		
0x01C6	0x3001      	MOVLW      1
;__Lib_Math.c,1718 :: 		
0x01C7	0x02A0      	SUBWF      ___math_tempb, 1
;__Lib_Math.c,1719 :: 		
0x01C8	0x29DA      	GOTO       UOK22LD
;__Lib_Math.c,1721 :: 		
UADD22LD:
;__Lib_Math.c,1722 :: 		
0x01C9	0x07F8      	ADDWF      R8, 1
;__Lib_Math.c,1723 :: 		
0x01CA	0x0875      	MOVF       R5, 0
;__Lib_Math.c,1724 :: 		
0x01CB	0x1803      	BTFSC      STATUS, 0
;__Lib_Math.c,1725 :: 		
0x01CC	0x0F75      	INCFSZ     R5, 0
;__Lib_Math.c,1726 :: 		
0x01CD	0x07F9      	ADDWF      R9, 1
;__Lib_Math.c,1727 :: 		
0x01CE	0x0876      	MOVF       R6, 0
;__Lib_Math.c,1728 :: 		
0x01CF	0x1803      	BTFSC      STATUS, 0
;__Lib_Math.c,1729 :: 		
0x01D0	0x0F76      	INCFSZ     R6, 0
;__Lib_Math.c,1730 :: 		
0x01D1	0x07FA      	ADDWF      R10, 1
;__Lib_Math.c,1731 :: 		
0x01D2	0x0877      	MOVF       R7, 0
;__Lib_Math.c,1732 :: 		
0x01D3	0x1803      	BTFSC      STATUS, 0
;__Lib_Math.c,1733 :: 		
0x01D4	0x0F77      	INCFSZ     R7, 0
;__Lib_Math.c,1734 :: 		
0x01D5	0x07FB      	ADDWF      R11, 1
;__Lib_Math.c,1735 :: 		
0x01D6	0x0100      	CLRW
;__Lib_Math.c,1736 :: 		
0x01D7	0x1803      	BTFSC      STATUS, 0
;__Lib_Math.c,1737 :: 		
0x01D8	0x3001      	MOVLW      1
;__Lib_Math.c,1738 :: 		
0x01D9	0x07A0      	ADDWF      ___math_tempb, 1
;__Lib_Math.c,1740 :: 		
UOK22LD:
;__Lib_Math.c,1741 :: 		
0x01DA	0x0DF0      	RLF        R0, 1
;__Lib_Math.c,1743 :: 		
0x01DB	0x0BFC      	DECFSZ     R12, 1
;__Lib_Math.c,1744 :: 		
0x01DC	0x29AE      	GOTO       LOOPU3232D
;__Lib_Math.c,1746 :: 		
0x01DD	0x1870      	BTFSC      R0, 0
;__Lib_Math.c,1747 :: 		
0x01DE	0x29ED      	GOTO       UOK22L
;__Lib_Math.c,1748 :: 		
0x01DF	0x0874      	MOVF       R4, 0
;__Lib_Math.c,1749 :: 		
0x01E0	0x07F8      	ADDWF      R8, 1
;__Lib_Math.c,1750 :: 		
0x01E1	0x0875      	MOVF       R5, 0
;__Lib_Math.c,1751 :: 		
0x01E2	0x1803      	BTFSC      STATUS, 0
;__Lib_Math.c,1752 :: 		
0x01E3	0x0F75      	INCFSZ     R5, 0
;__Lib_Math.c,1753 :: 		
0x01E4	0x07F9      	ADDWF      R9, 1
;__Lib_Math.c,1754 :: 		
0x01E5	0x0876      	MOVF       R6, 0
;__Lib_Math.c,1755 :: 		
0x01E6	0x1803      	BTFSC      STATUS, 0
;__Lib_Math.c,1756 :: 		
0x01E7	0x0F76      	INCFSZ     R6, 0
;__Lib_Math.c,1757 :: 		
0x01E8	0x07FA      	ADDWF      R10, 1
;__Lib_Math.c,1758 :: 		
0x01E9	0x0877      	MOVF       R7, 0
;__Lib_Math.c,1759 :: 		
0x01EA	0x1803      	BTFSC      STATUS, 0
;__Lib_Math.c,1760 :: 		
0x01EB	0x0F77      	INCFSZ     R7, 0
;__Lib_Math.c,1761 :: 		
0x01EC	0x07FB      	ADDWF      R11, 1
;__Lib_Math.c,1763 :: 		
UOK22L:
;__Lib_Math.c,1766 :: 		
L_end_Div_32x32_U:
0x01ED	0x0008      	RETURN
; end of _Div_32x32_U
_Div_16X16_U:
;__Lib_Math.c,215 :: 		
;__Lib_Math.c,222 :: 		
0x01EE	0x1283      	BCF        STATUS, 5
;__Lib_Math.c,223 :: 		
0x01EF	0x1303      	BCF        STATUS, 6
;__Lib_Math.c,224 :: 		
0x01F0	0x01F8      	CLRF       R8
;__Lib_Math.c,225 :: 		
0x01F1	0x01F9      	CLRF       R9
;__Lib_Math.c,226 :: 		
0x01F2	0x3010      	MOVLW      16
;__Lib_Math.c,227 :: 		
0x01F3	0x00FC      	MOVWF      R12
;__Lib_Math.c,228 :: 		
0x01F4	0x0D71      	RLF        R1, 0
;__Lib_Math.c,229 :: 		
0x01F5	0x0DF8      	RLF        R8, 1
;__Lib_Math.c,230 :: 		
0x01F6	0x0DF9      	RLF        R9, 1
;__Lib_Math.c,231 :: 		
0x01F7	0x0874      	MOVF       R4, 0
;__Lib_Math.c,232 :: 		
0x01F8	0x02F8      	SUBWF      R8, 1
;__Lib_Math.c,233 :: 		
0x01F9	0x0875      	MOVF       R5, 0
;__Lib_Math.c,234 :: 		
0x01FA	0x1C03      	BTFSS      STATUS, 0
;__Lib_Math.c,235 :: 		
0x01FB	0x0F75      	INCFSZ     R5, 0
;__Lib_Math.c,236 :: 		
0x01FC	0x02F9      	SUBWF      R9, 1
;__Lib_Math.c,237 :: 		
0x01FD	0x1803      	BTFSC      STATUS, 0
;__Lib_Math.c,238 :: 		
0x01FE	0x2A06      	GOTO       $+8
;__Lib_Math.c,239 :: 		
0x01FF	0x0874      	MOVF       R4, 0
;__Lib_Math.c,240 :: 		
0x0200	0x07F8      	ADDWF      R8, 1
;__Lib_Math.c,241 :: 		
0x0201	0x0875      	MOVF       R5, 0
;__Lib_Math.c,242 :: 		
0x0202	0x1803      	BTFSC      STATUS, 0
;__Lib_Math.c,243 :: 		
0x0203	0x0F75      	INCFSZ     R5, 0
;__Lib_Math.c,244 :: 		
0x0204	0x07F9      	ADDWF      R9, 1
;__Lib_Math.c,245 :: 		
0x0205	0x1003      	BCF        STATUS, 0
;__Lib_Math.c,246 :: 		
0x0206	0x0DF0      	RLF        R0, 1
;__Lib_Math.c,247 :: 		
0x0207	0x0DF1      	RLF        R1, 1
;__Lib_Math.c,248 :: 		
0x0208	0x0BFC      	DECFSZ     R12, 1
;__Lib_Math.c,249 :: 		
0x0209	0x29F4      	GOTO       $-21
;__Lib_Math.c,251 :: 		
L_end_Div_16X16_U:
0x020A	0x0008      	RETURN
; end of _Div_16X16_U
_Sound_Play:
;__Lib_Sound.c,27 :: 		
;__Lib_Sound.c,31 :: 		
0x020B	0x206D      	CALL       _Get_Fosc_kHz
0x020C	0x30E8      	MOVLW      232
0x020D	0x00F4      	MOVWF      R4
0x020E	0x3003      	MOVLW      3
0x020F	0x00F5      	MOVWF      R4+1
0x0210	0x01F6      	CLRF       R4+2
0x0211	0x01F7      	CLRF       R4+3
0x0212	0x2023      	CALL       _Mul_32x32_U
0x0213	0x0870      	MOVF       R0, 0
0x0214	0x00B5      	MOVWF      Sound_Play_per_nc_L0
0x0215	0x0871      	MOVF       R0+1, 0
0x0216	0x00B6      	MOVWF      Sound_Play_per_nc_L0+1
0x0217	0x0872      	MOVF       R0+2, 0
0x0218	0x00B7      	MOVWF      Sound_Play_per_nc_L0+2
0x0219	0x0873      	MOVF       R0+3, 0
0x021A	0x00B8      	MOVWF      Sound_Play_per_nc_L0+3
;__Lib_Sound.c,32 :: 		
0x021B	0x082D      	MOVF       FARG_Sound_Play_freq_in_hz, 0
0x021C	0x00F4      	MOVWF      R4
0x021D	0x082E      	MOVF       FARG_Sound_Play_freq_in_hz+1, 0
0x021E	0x00F5      	MOVWF      R4+1
0x021F	0x01F6      	CLRF       R4+2
0x0220	0x01F7      	CLRF       R4+3
0x0221	0x2076      	CALL       _Div_32x32_U
0x0222	0x0870      	MOVF       R0, 0
0x0223	0x00B5      	MOVWF      Sound_Play_per_nc_L0
0x0224	0x0871      	MOVF       R0+1, 0
0x0225	0x00B6      	MOVWF      Sound_Play_per_nc_L0+1
0x0226	0x0872      	MOVF       R0+2, 0
0x0227	0x00B7      	MOVWF      Sound_Play_per_nc_L0+2
0x0228	0x0873      	MOVF       R0+3, 0
0x0229	0x00B8      	MOVWF      Sound_Play_per_nc_L0+3
;__Lib_Sound.c,33 :: 		
0x022A	0x0870      	MOVF       R0, 0
0x022B	0x00F5      	MOVWF      R5
0x022C	0x0871      	MOVF       R0+1, 0
0x022D	0x00F6      	MOVWF      R5+1
0x022E	0x0872      	MOVF       R0+2, 0
0x022F	0x00F7      	MOVWF      R5+2
0x0230	0x0873      	MOVF       R0+3, 0
0x0231	0x00F8      	MOVWF      R5+3
0x0232	0x0CF8      	RRF        R5+3, 1
0x0233	0x0CF7      	RRF        R5+2, 1
0x0234	0x0CF6      	RRF        R5+1, 1
0x0235	0x0CF5      	RRF        R5, 1
0x0236	0x13F8      	BCF        R5+3, 7
0x0237	0x0CF8      	RRF        R5+3, 1
0x0238	0x0CF7      	RRF        R5+2, 1
0x0239	0x0CF6      	RRF        R5+1, 1
0x023A	0x0CF5      	RRF        R5, 1
0x023B	0x13F8      	BCF        R5+3, 7
0x023C	0x0875      	MOVF       R5, 0
0x023D	0x00F0      	MOVWF      R0
0x023E	0x0876      	MOVF       R5+1, 0
0x023F	0x00F1      	MOVWF      R0+1
0x0240	0x0877      	MOVF       R5+2, 0
0x0241	0x00F2      	MOVWF      R0+2
0x0242	0x0878      	MOVF       R5+3, 0
0x0243	0x00F3      	MOVWF      R0+3
0x0244	0x0CF3      	RRF        R0+3, 1
0x0245	0x0CF2      	RRF        R0+2, 1
0x0246	0x0CF1      	RRF        R0+1, 1
0x0247	0x0CF0      	RRF        R0, 1
0x0248	0x13F3      	BCF        R0+3, 7
0x0249	0x0870      	MOVF       R0, 0
0x024A	0x00B1      	MOVWF      Sound_Play_nc_L0
0x024B	0x0871      	MOVF       R0+1, 0
0x024C	0x00B2      	MOVWF      Sound_Play_nc_L0+1
;__Lib_Sound.c,36 :: 		
0x024D	0x206D      	CALL       _Get_Fosc_kHz
0x024E	0x082F      	MOVF       FARG_Sound_Play_duration_ms, 0
0x024F	0x00F4      	MOVWF      R4
0x0250	0x0830      	MOVF       FARG_Sound_Play_duration_ms+1, 0
0x0251	0x00F5      	MOVWF      R4+1
0x0252	0x01F6      	CLRF       R4+2
0x0253	0x01F7      	CLRF       R4+3
0x0254	0x2023      	CALL       _Mul_32x32_U
0x0255	0x0831      	MOVF       Sound_Play_nc_L0, 0
0x0256	0x00F9      	MOVWF      R9
0x0257	0x0832      	MOVF       Sound_Play_nc_L0+1, 0
0x0258	0x00FA      	MOVWF      R9+1
0x0259	0x01FB      	CLRF       R9+2
0x025A	0x01FC      	CLRF       R9+3
0x025B	0x3003      	MOVLW      3
0x025C	0x00F8      	MOVWF      R8
0x025D	0x0879      	MOVF       R9, 0
0x025E	0x00F4      	MOVWF      R4
0x025F	0x087A      	MOVF       R9+1, 0
0x0260	0x00F5      	MOVWF      R4+1
0x0261	0x087B      	MOVF       R9+2, 0
0x0262	0x00F6      	MOVWF      R4+2
0x0263	0x087C      	MOVF       R9+3, 0
0x0264	0x00F7      	MOVWF      R4+3
0x0265	0x0878      	MOVF       R8, 0
L__Sound_Play15:
0x0266	0x1903      	BTFSC      STATUS, 2
0x0267	0x2A6F      	GOTO       L__Sound_Play16
0x0268	0x0DF4      	RLF        R4, 1
0x0269	0x0DF5      	RLF        R4+1, 1
0x026A	0x0DF6      	RLF        R4+2, 1
0x026B	0x0DF7      	RLF        R4+3, 1
0x026C	0x1074      	BCF        R4, 0
0x026D	0x3EFF      	ADDLW      255
0x026E	0x2A66      	GOTO       L__Sound_Play15
L__Sound_Play16:
0x026F	0x2076      	CALL       _Div_32x32_U
0x0270	0x0870      	MOVF       R0, 0
0x0271	0x00B5      	MOVWF      Sound_Play_per_nc_L0
0x0272	0x0871      	MOVF       R0+1, 0
0x0273	0x00B6      	MOVWF      Sound_Play_per_nc_L0+1
0x0274	0x0872      	MOVF       R0+2, 0
0x0275	0x00B7      	MOVWF      Sound_Play_per_nc_L0+2
0x0276	0x0873      	MOVF       R0+3, 0
0x0277	0x00B8      	MOVWF      Sound_Play_per_nc_L0+3
;__Lib_Sound.c,38 :: 		
0x0278	0x300A      	MOVLW      10
0x0279	0x00F4      	MOVWF      R4
0x027A	0x3000      	MOVLW      0
0x027B	0x00F5      	MOVWF      R4+1
0x027C	0x0831      	MOVF       Sound_Play_nc_L0, 0
0x027D	0x00F0      	MOVWF      R0
0x027E	0x0832      	MOVF       Sound_Play_nc_L0+1, 0
0x027F	0x00F1      	MOVWF      R0+1
0x0280	0x21EE      	CALL       _Div_16X16_U
0x0281	0x0870      	MOVF       R0, 0
0x0282	0x00B1      	MOVWF      Sound_Play_nc_L0
0x0283	0x0871      	MOVF       R0+1, 0
0x0284	0x00B2      	MOVWF      Sound_Play_nc_L0+1
;__Lib_Sound.c,39 :: 		
0x0285	0x3000      	MOVLW      0
0x0286	0x0271      	SUBWF      R0+1, 0
0x0287	0x1D03      	BTFSS      STATUS, 2
0x0288	0x2A8B      	GOTO       L__Sound_Play17
0x0289	0x3003      	MOVLW      3
0x028A	0x0270      	SUBWF      R0, 0
L__Sound_Play17:
0x028B	0x1803      	BTFSC      STATUS, 0
0x028C	0x2A8E      	GOTO       L_Sound_Play0
0x028D	0x2ADB      	GOTO       L_end_Sound_Play
L_Sound_Play0:
;__Lib_Sound.c,40 :: 		
0x028E	0x0828      	MOVF       __Lib_Sound_soundPortAddr, 0
0x028F	0x0084      	MOVWF      FSR
;__Lib_Sound.c,41 :: 		
L_Sound_Play1:
0x0290	0x0838      	MOVF       Sound_Play_per_nc_L0+3, 0
0x0291	0x3C00      	SUBLW      0
0x0292	0x1D03      	BTFSS      STATUS, 2
0x0293	0x2A9E      	GOTO       L__Sound_Play18
0x0294	0x0837      	MOVF       Sound_Play_per_nc_L0+2, 0
0x0295	0x3C00      	SUBLW      0
0x0296	0x1D03      	BTFSS      STATUS, 2
0x0297	0x2A9E      	GOTO       L__Sound_Play18
0x0298	0x0836      	MOVF       Sound_Play_per_nc_L0+1, 0
0x0299	0x3C00      	SUBLW      0
0x029A	0x1D03      	BTFSS      STATUS, 2
0x029B	0x2A9E      	GOTO       L__Sound_Play18
0x029C	0x0835      	MOVF       Sound_Play_per_nc_L0, 0
0x029D	0x3C00      	SUBLW      0
L__Sound_Play18:
0x029E	0x1803      	BTFSC      STATUS, 0
0x029F	0x2AD9      	GOTO       L_Sound_Play2
;__Lib_Sound.c,42 :: 		
0x02A0	0x0827      	MOVF       __Lib_Sound_pinMask1, 0
0x02A1	0x0480      	IORWF      INDF, 1
;__Lib_Sound.c,44 :: 		
0x02A2	0x0832      	MOVF       Sound_Play_nc_L0+1, 0
0x02A3	0x1903      	BTFSC      STATUS, 2
0x02A4	0x2AB5      	GOTO       L_Sound_Play3
;__Lib_Sound.c,45 :: 		
0x02A5	0x01B3      	CLRF       Sound_Play_i_L0
0x02A6	0x01B4      	CLRF       Sound_Play_i_L0+1
L_Sound_Play4:
0x02A7	0x3000      	MOVLW      0
0x02A8	0x0234      	SUBWF      Sound_Play_i_L0+1, 0
0x02A9	0x1D03      	BTFSS      STATUS, 2
0x02AA	0x2AAD      	GOTO       L__Sound_Play19
0x02AB	0x0832      	MOVF       Sound_Play_nc_L0+1, 0
0x02AC	0x0233      	SUBWF      Sound_Play_i_L0, 0
L__Sound_Play19:
0x02AD	0x1803      	BTFSC      STATUS, 0
0x02AE	0x2AB5      	GOTO       L_Sound_Play5
;__Lib_Sound.c,46 :: 		
0x02AF	0x01B9      	CLRF       FARG_Delay_Cyc_cycles_div_by_10
0x02B0	0x205A      	CALL       _Delay_Cyc
;__Lib_Sound.c,45 :: 		
0x02B1	0x0AB3      	INCF       Sound_Play_i_L0, 1
0x02B2	0x1903      	BTFSC      STATUS, 2
0x02B3	0x0AB4      	INCF       Sound_Play_i_L0+1, 1
;__Lib_Sound.c,47 :: 		
0x02B4	0x2AA7      	GOTO       L_Sound_Play4
L_Sound_Play5:
;__Lib_Sound.c,48 :: 		
L_Sound_Play3:
;__Lib_Sound.c,49 :: 		
0x02B5	0x0831      	MOVF       Sound_Play_nc_L0, 0
0x02B6	0x00B9      	MOVWF      FARG_Delay_Cyc_cycles_div_by_10
0x02B7	0x205A      	CALL       _Delay_Cyc
;__Lib_Sound.c,51 :: 		
0x02B8	0x0825      	MOVF       __Lib_Sound_pinMask0, 0
0x02B9	0x0580      	ANDWF      INDF, 1
;__Lib_Sound.c,53 :: 		
0x02BA	0x0832      	MOVF       Sound_Play_nc_L0+1, 0
0x02BB	0x1903      	BTFSC      STATUS, 2
0x02BC	0x2ACD      	GOTO       L_Sound_Play7
;__Lib_Sound.c,54 :: 		
0x02BD	0x01B3      	CLRF       Sound_Play_i_L0
0x02BE	0x01B4      	CLRF       Sound_Play_i_L0+1
L_Sound_Play8:
0x02BF	0x3000      	MOVLW      0
0x02C0	0x0234      	SUBWF      Sound_Play_i_L0+1, 0
0x02C1	0x1D03      	BTFSS      STATUS, 2
0x02C2	0x2AC5      	GOTO       L__Sound_Play20
0x02C3	0x0832      	MOVF       Sound_Play_nc_L0+1, 0
0x02C4	0x0233      	SUBWF      Sound_Play_i_L0, 0
L__Sound_Play20:
0x02C5	0x1803      	BTFSC      STATUS, 0
0x02C6	0x2ACD      	GOTO       L_Sound_Play9
;__Lib_Sound.c,55 :: 		
0x02C7	0x01B9      	CLRF       FARG_Delay_Cyc_cycles_div_by_10
0x02C8	0x205A      	CALL       _Delay_Cyc
;__Lib_Sound.c,54 :: 		
0x02C9	0x0AB3      	INCF       Sound_Play_i_L0, 1
0x02CA	0x1903      	BTFSC      STATUS, 2
0x02CB	0x0AB4      	INCF       Sound_Play_i_L0+1, 1
;__Lib_Sound.c,56 :: 		
0x02CC	0x2ABF      	GOTO       L_Sound_Play8
L_Sound_Play9:
;__Lib_Sound.c,57 :: 		
L_Sound_Play7:
;__Lib_Sound.c,58 :: 		
0x02CD	0x0831      	MOVF       Sound_Play_nc_L0, 0
0x02CE	0x00B9      	MOVWF      FARG_Delay_Cyc_cycles_div_by_10
0x02CF	0x205A      	CALL       _Delay_Cyc
;__Lib_Sound.c,60 :: 		
0x02D0	0x3001      	MOVLW      1
0x02D1	0x02B5      	SUBWF      Sound_Play_per_nc_L0, 1
0x02D2	0x1C03      	BTFSS      STATUS, 0
0x02D3	0x02B6      	SUBWF      Sound_Play_per_nc_L0+1, 1
0x02D4	0x1C03      	BTFSS      STATUS, 0
0x02D5	0x02B7      	SUBWF      Sound_Play_per_nc_L0+2, 1
0x02D6	0x1C03      	BTFSS      STATUS, 0
0x02D7	0x02B8      	SUBWF      Sound_Play_per_nc_L0+3, 1
;__Lib_Sound.c,62 :: 		
0x02D8	0x2A90      	GOTO       L_Sound_Play1
L_Sound_Play2:
;__Lib_Sound.c,63 :: 		
0x02D9	0x0825      	MOVF       __Lib_Sound_pinMask0, 0
0x02DA	0x0580      	ANDWF      INDF, 1
;__Lib_Sound.c,64 :: 		
L_end_Sound_Play:
0x02DB	0x0008      	RETURN
; end of _Sound_Play
_Alarm:
;ikazdevresi.c,36 :: 		void Alarm() {
;ikazdevresi.c,37 :: 		Sound_Play(1000, 50);
0x02DC	0x30E8      	MOVLW      232
0x02DD	0x1283      	BCF        STATUS, 5
0x02DE	0x1303      	BCF        STATUS, 6
0x02DF	0x00AD      	MOVWF      FARG_Sound_Play_freq_in_hz
0x02E0	0x3003      	MOVLW      3
0x02E1	0x00AE      	MOVWF      FARG_Sound_Play_freq_in_hz+1
0x02E2	0x3032      	MOVLW      50
0x02E3	0x00AF      	MOVWF      FARG_Sound_Play_duration_ms
0x02E4	0x3000      	MOVLW      0
0x02E5	0x00B0      	MOVWF      FARG_Sound_Play_duration_ms+1
0x02E6	0x220B      	CALL       _Sound_Play
;ikazdevresi.c,38 :: 		}
L_end_Alarm:
0x02E7	0x0008      	RETURN
; end of _Alarm
_____DoICP:
;__Lib_System.c,6 :: 		
;__Lib_System.c,9 :: 		
0x02E8	0x1283      	BCF        STATUS, 5
0x02E9	0x1303      	BCF        STATUS, 6
0x02EA	0x0824      	MOVF       ___DoICPAddr+1, 0
0x02EB	0x008A      	MOVWF      PCLATH
;__Lib_System.c,10 :: 		
0x02EC	0x0823      	MOVF       ___DoICPAddr, 0
0x02ED	0x0082      	MOVWF      PCL
;__Lib_System.c,12 :: 		
L_end_____DoICP:
0x02EE	0x0008      	RETURN
; end of _____DoICP
_Sound_Init:
;__Lib_Sound.c,11 :: 		
;__Lib_Sound.c,13 :: 		
0x02EF	0x1283      	BCF        STATUS, 5
0x02F0	0x1303      	BCF        STATUS, 6
0x02F1	0x082B      	MOVF       FARG_Sound_Init_snd_port, 0
0x02F2	0x00A8      	MOVWF      __Lib_Sound_soundPortAddr
;__Lib_Sound.c,15 :: 		
0x02F3	0x082C      	MOVF       FARG_Sound_Init_snd_pin, 0
0x02F4	0x00F1      	MOVWF      R1
0x02F5	0x3001      	MOVLW      1
0x02F6	0x00F0      	MOVWF      R0
0x02F7	0x0871      	MOVF       R1, 0
L__Sound_Init12:
0x02F8	0x1903      	BTFSC      STATUS, 2
0x02F9	0x2AFE      	GOTO       L__Sound_Init13
0x02FA	0x0DF0      	RLF        R0, 1
0x02FB	0x1070      	BCF        R0, 0
0x02FC	0x3EFF      	ADDLW      255
0x02FD	0x2AF8      	GOTO       L__Sound_Init12
L__Sound_Init13:
0x02FE	0x0870      	MOVF       R0, 0
0x02FF	0x00A7      	MOVWF      __Lib_Sound_pinMask1
;__Lib_Sound.c,16 :: 		
0x0300	0x09F0      	COMF       R0, 1
0x0301	0x0870      	MOVF       R0, 0
0x0302	0x00A5      	MOVWF      __Lib_Sound_pinMask0
;__Lib_Sound.c,20 :: 		
0x0303	0x3080      	MOVLW      128
0x0304	0x072B      	ADDWF      FARG_Sound_Init_snd_port, 0
0x0305	0x0084      	MOVWF      FSR
;__Lib_Sound.c,21 :: 		
0x0306	0x0870      	MOVF       R0, 0
0x0307	0x0580      	ANDWF      INDF, 1
;__Lib_Sound.c,22 :: 		
0x0308	0x1384      	BCF        FSR, 7
;__Lib_Sound.c,23 :: 		
0x0309	0x0870      	MOVF       R0, 0
0x030A	0x0580      	ANDWF      INDF, 1
;__Lib_Sound.c,24 :: 		
L_end_Sound_Init:
0x030B	0x0008      	RETURN
; end of _Sound_Init
_bitti:
;ikazdevresi.c,39 :: 		void bitti() {
;ikazdevresi.c,40 :: 		PORTB=0X00;
0x030C	0x1283      	BCF        STATUS, 5
0x030D	0x1303      	BCF        STATUS, 6
0x030E	0x0186      	CLRF       PORTB
;ikazdevresi.c,41 :: 		zaman=0;
0x030F	0x01A1      	CLRF       _zaman
;ikazdevresi.c,42 :: 		ikaz_biti=0;
0x0310	0x01A2      	CLRF       _ikaz_biti
;ikazdevresi.c,43 :: 		}
L_end_bitti:
0x0311	0x0008      	RETURN
; end of _bitti
_iki_dakika:
;ikazdevresi.c,53 :: 		void iki_dakika(){
;ikazdevresi.c,54 :: 		if(zaman<8){
0x0312	0x3008      	MOVLW      8
0x0313	0x1283      	BCF        STATUS, 5
0x0314	0x1303      	BCF        STATUS, 6
0x0315	0x0221      	SUBWF      _zaman, 0
0x0316	0x1803      	BTFSC      STATUS, 0
0x0317	0x2B1B      	GOTO       L_iki_dakika3
;ikazdevresi.c,55 :: 		Alarm();
0x0318	0x22DC      	CALL       _Alarm
;ikazdevresi.c,56 :: 		KIRMIZI=~KIRMIZI;
0x0319	0x3004      	MOVLW      4
0x031A	0x0686      	XORWF      RB2_bit, 1
;ikazdevresi.c,57 :: 		}
L_iki_dakika3:
;ikazdevresi.c,58 :: 		if(zaman>=8){
0x031B	0x3008      	MOVLW      8
0x031C	0x0221      	SUBWF      _zaman, 0
0x031D	0x1C03      	BTFSS      STATUS, 0
0x031E	0x2B20      	GOTO       L_iki_dakika4
;ikazdevresi.c,59 :: 		bitti();
0x031F	0x230C      	CALL       _bitti
;ikazdevresi.c,60 :: 		}
L_iki_dakika4:
;ikazdevresi.c,61 :: 		}
L_end_iki_dakika:
0x0320	0x0008      	RETURN
; end of _iki_dakika
_bir_dakika:
;ikazdevresi.c,44 :: 		void bir_dakika(){
;ikazdevresi.c,45 :: 		if(zaman<1){
0x0321	0x3001      	MOVLW      1
0x0322	0x1283      	BCF        STATUS, 5
0x0323	0x1303      	BCF        STATUS, 6
0x0324	0x0221      	SUBWF      _zaman, 0
0x0325	0x1803      	BTFSC      STATUS, 0
0x0326	0x2B2A      	GOTO       L_bir_dakika1
;ikazdevresi.c,46 :: 		Alarm();
0x0327	0x22DC      	CALL       _Alarm
;ikazdevresi.c,47 :: 		KIRMIZI=~KIRMIZI;
0x0328	0x3004      	MOVLW      4
0x0329	0x0686      	XORWF      RB2_bit, 1
;ikazdevresi.c,48 :: 		}
L_bir_dakika1:
;ikazdevresi.c,49 :: 		if(zaman>=1){
0x032A	0x3001      	MOVLW      1
0x032B	0x0221      	SUBWF      _zaman, 0
0x032C	0x1C03      	BTFSS      STATUS, 0
0x032D	0x2B2F      	GOTO       L_bir_dakika2
;ikazdevresi.c,50 :: 		bitti();
0x032E	0x230C      	CALL       _bitti
;ikazdevresi.c,51 :: 		}
L_bir_dakika2:
;ikazdevresi.c,52 :: 		}
L_end_bir_dakika:
0x032F	0x0008      	RETURN
; end of _bir_dakika
_bes_dakika:
;ikazdevresi.c,71 :: 		void bes_dakika(){
;ikazdevresi.c,72 :: 		if(zaman<20){
0x0330	0x3014      	MOVLW      20
0x0331	0x1283      	BCF        STATUS, 5
0x0332	0x1303      	BCF        STATUS, 6
0x0333	0x0221      	SUBWF      _zaman, 0
0x0334	0x1803      	BTFSC      STATUS, 0
0x0335	0x2B39      	GOTO       L_bes_dakika7
;ikazdevresi.c,73 :: 		Alarm();
0x0336	0x22DC      	CALL       _Alarm
;ikazdevresi.c,74 :: 		KIRMIZI=~KIRMIZI;
0x0337	0x3004      	MOVLW      4
0x0338	0x0686      	XORWF      RB2_bit, 1
;ikazdevresi.c,75 :: 		}
L_bes_dakika7:
;ikazdevresi.c,76 :: 		if(zaman>=20){
0x0339	0x3014      	MOVLW      20
0x033A	0x0221      	SUBWF      _zaman, 0
0x033B	0x1C03      	BTFSS      STATUS, 0
0x033C	0x2B3E      	GOTO       L_bes_dakika8
;ikazdevresi.c,77 :: 		bitti();
0x033D	0x230C      	CALL       _bitti
;ikazdevresi.c,78 :: 		}
L_bes_dakika8:
;ikazdevresi.c,79 :: 		}
L_end_bes_dakika:
0x033E	0x0008      	RETURN
; end of _bes_dakika
___CC2DW:
;__Lib_System.c,134 :: 		
;__Lib_System.c,137 :: 		
_CC2D_Loop1:
;__Lib_System.c,139 :: 		
0x033F	0x22E8      	CALL       _____DoICP
0x0340	0x118A      	BCF        PCLATH, 3
0x0341	0x120A      	BCF        PCLATH, 4
;__Lib_System.c,141 :: 		
0x0342	0x0080      	MOVWF      INDF
;__Lib_System.c,142 :: 		
0x0343	0x0A84      	INCF       FSR, 1
;__Lib_System.c,143 :: 		
0x0344	0x0AA3      	INCF       ___DoICPAddr, 1
;__Lib_System.c,145 :: 		
0x0345	0x1903      	BTFSC      STATUS, 2
;__Lib_System.c,146 :: 		
0x0346	0x0AA4      	INCF       ___DoICPAddr+1, 1
;__Lib_System.c,147 :: 		
0x0347	0x03F0      	DECF       R0, 1
;__Lib_System.c,149 :: 		
0x0348	0x1D03      	BTFSS      STATUS, 2
;__Lib_System.c,150 :: 		
0x0349	0x2B3F      	GOTO       _CC2D_Loop1
;__Lib_System.c,152 :: 		
L_end___CC2DW:
0x034A	0x0008      	RETURN
; end of ___CC2DW
_ayar:
;ikazdevresi.c,11 :: 		void ayar() {
;ikazdevresi.c,12 :: 		TRISB = 0X31; //harici kesme ve DIP switch baðlantýlarý giriþ yapýlýyor
0x034B	0x3031      	MOVLW      49
0x034C	0x1683      	BSF        STATUS, 5
0x034D	0x1303      	BCF        STATUS, 6
0x034E	0x0086      	MOVWF      TRISB
;ikazdevresi.c,13 :: 		PORTB = 0;
0x034F	0x1283      	BCF        STATUS, 5
0x0350	0x0186      	CLRF       PORTB
;ikazdevresi.c,14 :: 		TRISA = 0X00;
0x0351	0x1683      	BSF        STATUS, 5
0x0352	0x0185      	CLRF       TRISA
;ikazdevresi.c,15 :: 		PORTA = 0;
0x0353	0x1283      	BCF        STATUS, 5
0x0354	0x0185      	CLRF       PORTA
;ikazdevresi.c,17 :: 		INTCON.GIE=1;   //Evrensel kesme aktif
0x0355	0x178B      	BSF        INTCON, 7
;ikazdevresi.c,18 :: 		INTCON.PEIE=1;  //Çevresel kesme aktif
0x0356	0x170B      	BSF        INTCON, 6
;ikazdevresi.c,19 :: 		INTCON.INTE=1;  //harici kesme aktif
0x0357	0x160B      	BSF        INTCON, 4
;ikazdevresi.c,20 :: 		PIE1.TMR1IE=1;  //Timer1 kesmesi aktif
0x0358	0x1683      	BSF        STATUS, 5
0x0359	0x140C      	BSF        PIE1, 0
;ikazdevresi.c,22 :: 		CMCON=0X07;     //Analog karþýlaþtýrýcýlar kapatýldý
0x035A	0x3007      	MOVLW      7
0x035B	0x1283      	BCF        STATUS, 5
0x035C	0x009F      	MOVWF      CMCON
;ikazdevresi.c,23 :: 		OPTION_REG = 0b01000111;    // Önölçekleyici WDT olarak 1:128
0x035D	0x3047      	MOVLW      71
0x035E	0x1683      	BSF        STATUS, 5
0x035F	0x0081      	MOVWF      OPTION_REG
;ikazdevresi.c,24 :: 		TMR1H=0X00;  //Süre = Prescaler*(65635-0+1)*_____1_____ = 8*2 = 16sn
0x0360	0x1283      	BCF        STATUS, 5
0x0361	0x018F      	CLRF       TMR1H
;ikazdevresi.c,25 :: 		TMR1L=0X00;  //                                32768
0x0362	0x018E      	CLRF       TMR1L
;ikazdevresi.c,26 :: 		Delay_us(10);
0x0363	0x3003      	MOVLW      3
0x0364	0x00FD      	MOVWF      R13
L_ayar0:
0x0365	0x0BFD      	DECFSZ     R13, 1
0x0366	0x2B65      	GOTO       L_ayar0
;ikazdevresi.c,28 :: 		T1CON.TMR1ON=0; //Timer1 önce kapalý
0x0367	0x1010      	BCF        T1CON, 0
;ikazdevresi.c,29 :: 		T1CON=0X3F;     //Ön ölçekleyici 1:8
0x0368	0x303F      	MOVLW      63
0x0369	0x0090      	MOVWF      T1CON
;ikazdevresi.c,30 :: 		Sound_Init(&PORTB, 3);  //Buzzer'ýn baðlý oluðu port
0x036A	0x3006      	MOVLW      PORTB
0x036B	0x00AB      	MOVWF      FARG_Sound_Init_snd_port
0x036C	0x3003      	MOVLW      3
0x036D	0x00AC      	MOVWF      FARG_Sound_Init_snd_pin
0x036E	0x22EF      	CALL       _Sound_Init
;ikazdevresi.c,31 :: 		MAVI=0;
0x036F	0x1086      	BCF        RB1_bit, BitPos(RB1_bit+0)
;ikazdevresi.c,32 :: 		KIRMIZI=0;
0x0370	0x1106      	BCF        RB2_bit, BitPos(RB2_bit+0)
;ikazdevresi.c,33 :: 		SES=0;
0x0371	0x1186      	BCF        RB3_bit, BitPos(RB3_bit+0)
;ikazdevresi.c,34 :: 		ikaz_biti=0;
0x0372	0x01A2      	CLRF       _ikaz_biti
;ikazdevresi.c,35 :: 		}
L_end_ayar:
0x0373	0x0008      	RETURN
; end of _ayar
_uc_dakika:
;ikazdevresi.c,62 :: 		void uc_dakika(){
;ikazdevresi.c,63 :: 		if(zaman<12){
0x0374	0x300C      	MOVLW      12
0x0375	0x1283      	BCF        STATUS, 5
0x0376	0x1303      	BCF        STATUS, 6
0x0377	0x0221      	SUBWF      _zaman, 0
0x0378	0x1803      	BTFSC      STATUS, 0
0x0379	0x2B7D      	GOTO       L_uc_dakika5
;ikazdevresi.c,64 :: 		Alarm();
0x037A	0x22DC      	CALL       _Alarm
;ikazdevresi.c,65 :: 		KIRMIZI=~KIRMIZI;
0x037B	0x3004      	MOVLW      4
0x037C	0x0686      	XORWF      RB2_bit, 1
;ikazdevresi.c,66 :: 		}
L_uc_dakika5:
;ikazdevresi.c,67 :: 		if(zaman>=12){
0x037D	0x300C      	MOVLW      12
0x037E	0x0221      	SUBWF      _zaman, 0
0x037F	0x1C03      	BTFSS      STATUS, 0
0x0380	0x2B82      	GOTO       L_uc_dakika6
;ikazdevresi.c,68 :: 		bitti();
0x0381	0x230C      	CALL       _bitti
;ikazdevresi.c,69 :: 		}
L_uc_dakika6:
;ikazdevresi.c,70 :: 		}
L_end_uc_dakika:
0x0382	0x0008      	RETURN
; end of _uc_dakika
_main:
0x0383	0x1283      	BCF        STATUS, 5
0x0384	0x1303      	BCF        STATUS, 6
0x0385	0x01A1      	CLRF       _zaman
0x0386	0x01A2      	CLRF       _ikaz_biti
;ikazdevresi.c,80 :: 		void main(){
;ikazdevresi.c,81 :: 		ayar();
0x0387	0x234B      	CALL       _ayar
;ikazdevresi.c,82 :: 		while(1){
L_main9:
;ikazdevresi.c,83 :: 		if(!ikaz_biti){
0x0388	0x0822      	MOVF       _ikaz_biti, 0
0x0389	0x1D03      	BTFSS      STATUS, 2
0x038A	0x2BB5      	GOTO       L_main11
;ikazdevresi.c,84 :: 		SES=0;
0x038B	0x1186      	BCF        RB3_bit, BitPos(RB3_bit+0)
;ikazdevresi.c,85 :: 		KIRMIZI=0;
0x038C	0x1106      	BCF        RB2_bit, BitPos(RB2_bit+0)
;ikazdevresi.c,86 :: 		if(zaman>=1){
0x038D	0x3001      	MOVLW      1
0x038E	0x0221      	SUBWF      _zaman, 0
0x038F	0x1C03      	BTFSS      STATUS, 0
0x0390	0x2BAF      	GOTO       L_main12
;ikazdevresi.c,87 :: 		zaman=0;
0x0391	0x01A1      	CLRF       _zaman
;ikazdevresi.c,88 :: 		for(i=0;i<5;i++){
0x0392	0x01A6      	CLRF       _i
L_main13:
0x0393	0x3005      	MOVLW      5
0x0394	0x0226      	SUBWF      _i, 0
0x0395	0x1803      	BTFSC      STATUS, 0
0x0396	0x2BA4      	GOTO       L_main14
;ikazdevresi.c,89 :: 		MAVI=~MAVI;
0x0397	0x3002      	MOVLW      2
0x0398	0x0686      	XORWF      RB1_bit, 1
;ikazdevresi.c,90 :: 		delay_ms(50);
0x0399	0x3041      	MOVLW      65
0x039A	0x00FC      	MOVWF      R12
0x039B	0x30EE      	MOVLW      238
0x039C	0x00FD      	MOVWF      R13
L_main16:
0x039D	0x0BFD      	DECFSZ     R13, 1
0x039E	0x2B9D      	GOTO       L_main16
0x039F	0x0BFC      	DECFSZ     R12, 1
0x03A0	0x2B9D      	GOTO       L_main16
0x03A1	0x0000      	NOP
;ikazdevresi.c,88 :: 		for(i=0;i<5;i++){
0x03A2	0x0AA6      	INCF       _i, 1
;ikazdevresi.c,91 :: 		}
0x03A3	0x2B93      	GOTO       L_main13
L_main14:
;ikazdevresi.c,92 :: 		delay_ms(10);
0x03A4	0x300D      	MOVLW      13
0x03A5	0x00FC      	MOVWF      R12
0x03A6	0x30FB      	MOVLW      251
0x03A7	0x00FD      	MOVWF      R13
L_main17:
0x03A8	0x0BFD      	DECFSZ     R13, 1
0x03A9	0x2BA8      	GOTO       L_main17
0x03AA	0x0BFC      	DECFSZ     R12, 1
0x03AB	0x2BA8      	GOTO       L_main17
0x03AC	0x0000      	NOP
0x03AD	0x0000      	NOP
;ikazdevresi.c,93 :: 		MAVI=0;
0x03AE	0x1086      	BCF        RB1_bit, BitPos(RB1_bit+0)
;ikazdevresi.c,94 :: 		}
L_main12:
;ikazdevresi.c,95 :: 		Delay_us(20);
0x03AF	0x3006      	MOVLW      6
0x03B0	0x00FD      	MOVWF      R13
L_main18:
0x03B1	0x0BFD      	DECFSZ     R13, 1
0x03B2	0x2BB1      	GOTO       L_main18
0x03B3	0x0000      	NOP
;ikazdevresi.c,96 :: 		asm{ sleep }
0x03B4	0x0063      	SLEEP
;ikazdevresi.c,97 :: 		}
L_main11:
;ikazdevresi.c,98 :: 		if(ikaz_biti){
0x03B5	0x0822      	MOVF       _ikaz_biti, 0
0x03B6	0x1903      	BTFSC      STATUS, 2
0x03B7	0x2BCC      	GOTO       L_main19
;ikazdevresi.c,99 :: 		if(!BIR && !IKI){  // 0-0
0x03B8	0x1A06      	BTFSC      RB4_bit, BitPos(RB4_bit+0)
0x03B9	0x2BBD      	GOTO       L_main22
0x03BA	0x1A86      	BTFSC      RB5_bit, BitPos(RB5_bit+0)
0x03BB	0x2BBD      	GOTO       L_main22
L__main37:
;ikazdevresi.c,100 :: 		bir_dakika();
0x03BC	0x2321      	CALL       _bir_dakika
;ikazdevresi.c,101 :: 		}
L_main22:
;ikazdevresi.c,102 :: 		if(!BIR && IKI){   // 0-1
0x03BD	0x1A06      	BTFSC      RB4_bit, BitPos(RB4_bit+0)
0x03BE	0x2BC2      	GOTO       L_main25
0x03BF	0x1E86      	BTFSS      RB5_bit, BitPos(RB5_bit+0)
0x03C0	0x2BC2      	GOTO       L_main25
L__main36:
;ikazdevresi.c,103 :: 		iki_dakika();
0x03C1	0x2312      	CALL       _iki_dakika
;ikazdevresi.c,104 :: 		}
L_main25:
;ikazdevresi.c,105 :: 		if(BIR && !IKI){   // 1-0
0x03C2	0x1E06      	BTFSS      RB4_bit, BitPos(RB4_bit+0)
0x03C3	0x2BC7      	GOTO       L_main28
0x03C4	0x1A86      	BTFSC      RB5_bit, BitPos(RB5_bit+0)
0x03C5	0x2BC7      	GOTO       L_main28
L__main35:
;ikazdevresi.c,106 :: 		uc_dakika();
0x03C6	0x2374      	CALL       _uc_dakika
;ikazdevresi.c,107 :: 		}
L_main28:
;ikazdevresi.c,108 :: 		if(BIR && IKI){    // 1-1
0x03C7	0x1E06      	BTFSS      RB4_bit, BitPos(RB4_bit+0)
0x03C8	0x2BCC      	GOTO       L_main31
0x03C9	0x1E86      	BTFSS      RB5_bit, BitPos(RB5_bit+0)
0x03CA	0x2BCC      	GOTO       L_main31
L__main34:
;ikazdevresi.c,109 :: 		bes_dakika();
0x03CB	0x2330      	CALL       _bes_dakika
;ikazdevresi.c,110 :: 		}
L_main31:
;ikazdevresi.c,111 :: 		}
L_main19:
;ikazdevresi.c,112 :: 		}
0x03CC	0x2B88      	GOTO       L_main9
;ikazdevresi.c,113 :: 		}
L_end_main:
0x03CD	0x2BCD      	GOTO       $+0
; end of _main
Symbol List:
//** Routines locations **
//ADDRESS    SIZE    PROCEDURE
//----------------------------------------------
0x0004      [31]    _interrupt
0x0023      [55]    _Mul_32x32_U
0x005A      [19]    _Delay_Cyc
0x006D       [9]    _Get_Fosc_kHz
0x0076     [376]    _Div_32x32_U
0x01EE      [29]    _Div_16X16_U
0x020B     [209]    _Sound_Play
0x02DC      [12]    _Alarm
0x02E8       [7]    _____DoICP
0x02EF      [29]    _Sound_Init
0x030C       [6]    _bitti
0x0312      [15]    _iki_dakika
0x0321      [15]    _bir_dakika
0x0330      [15]    _bes_dakika
0x033F      [12]    ___CC2DW
0x034B      [41]    _ayar
0x0374      [15]    _uc_dakika
0x0383      [75]    _main
//** Variables locations ** 
//ADDRESS    SIZE    VARIABLE
//----------------------------------------------
0x0000       [1]    INDF
0x0002       [1]    PCL
0x0003       [1]    STATUS
0x0004       [1]    FSR
0x0005       [1]    PORTA
0x0006       [1]    PORTB
0x0006       [0]    RB4_bit
0x0006       [0]    RB5_bit
0x0006       [0]    RB3_bit
0x0006       [0]    RB1_bit
0x0006       [0]    RB2_bit
0x0006       [0]    KIRMIZI
0x0006       [0]    MAVI
0x0006       [0]    BIR
0x0006       [0]    IKI
0x0006       [0]    SES
0x000A       [1]    PCLATH
0x000B       [1]    INTCON
0x000C       [1]    PIR1
0x000E       [1]    TMR1L
0x000F       [1]    TMR1H
0x0010       [1]    T1CON
0x001F       [1]    CMCON
0x0020       [1]    ___math_tempb
0x0021       [1]    _zaman
0x0022       [1]    _ikaz_biti
0x0023       [2]    ___DoICPAddr
0x0025       [1]    __Lib_Sound_pinMask0
0x0026       [1]    _i
0x0027       [1]    __Lib_Sound_pinMask1
0x0028       [1]    __Lib_Sound_soundPortAddr
0x0029       [1]    ___saveSTATUS
0x002A       [1]    ___savePCLATH
0x002B       [1]    FARG_Sound_Init_snd_port
0x002C       [1]    FARG_Sound_Init_snd_pin
0x002D       [2]    FARG_Sound_Play_freq_in_hz
0x002F       [2]    FARG_Sound_Play_duration_ms
0x0031       [2]    Sound_Play_nc_L0
0x0033       [2]    Sound_Play_i_L0
0x0035       [4]    Sound_Play_per_nc_L0
0x0039       [1]    FARG_Delay_Cyc_cycles_div_by_10
0x0070       [1]    R0
0x0071       [1]    R1
0x0072       [1]    R2
0x0073       [1]    R3
0x0074       [1]    R4
0x0075       [1]    R5
0x0076       [1]    R6
0x0077       [1]    R7
0x0078       [1]    R8
0x0079       [1]    R9
0x007A       [1]    R10
0x007B       [1]    R11
0x007C       [1]    R12
0x007D       [1]    R13
0x007E       [1]    R14
0x007F       [1]    R15
0x0081       [1]    OPTION_REG
0x0085       [1]    TRISA
0x0086       [1]    TRISB
0x008C       [1]    PIE1
